Using pre-set license
Built from '2020.3/release' branch; Version is '2020.3.7f1 (dd97f2c94397) revision 14522354'; Using compiler version '192528614'; Build Type 'Release'
OS: 'Windows 10 Home; OS build 19043.1083; Version 2009; 64bit' Language: 'en' Physical Memory: 16316 MB
BatchMode: 1, IsHumanControllingUs: 0, StartBugReporterOnCrash: 0, Is64bit: 1, IsPro: 0

 COMMAND LINE ARGUMENTS:
D:\Unity\2020.3.7f1\Editor\Unity.exe
-adb2
-batchMode
-noUpm
-name
AssetImportWorker0
-projectPath
C:/Users/Marcus Lim/Documents/co-opeDown
-logFile
Logs/AssetImportWorker0.log
-srvPort
65389
Successfully changed project path to: C:/Users/Marcus Lim/Documents/co-opeDown
C:/Users/Marcus Lim/Documents/co-opeDown
Using Asset Import Pipeline V2.
Refreshing native plugins compatible for Editor in 39.34 ms, found 3 plugins.
Preloading 0 native plugins for Editor in 0.00 ms.
Initialize engine version: 2020.3.7f1 (dd97f2c94397)
[Subsystems] Discovering subsystems at path D:/Unity/2020.3.7f1/Editor/Data/Resources/UnitySubsystems
[Subsystems] Discovering subsystems at path C:/Users/Marcus Lim/Documents/co-opeDown/Assets
GfxDevice: creating device client; threaded=0
Direct3D:
    Version:  Direct3D 11.0 [level 11.1]
    Renderer: NVIDIA GeForce RTX 2080 (ID=0x1e87)
    Vendor:   
    VRAM:     8010 MB
    Driver:   30.0.14.7111
Initialize mono
Mono path[0] = 'D:/Unity/2020.3.7f1/Editor/Data/Managed'
Mono path[1] = 'D:/Unity/2020.3.7f1/Editor/Data/MonoBleedingEdge/lib/mono/unityjit'
Mono config path = 'D:/Unity/2020.3.7f1/Editor/Data/MonoBleedingEdge/etc'
Using monoOptions --debugger-agent=transport=dt_socket,embedding=1,server=y,suspend=n,address=127.0.0.1:56668
Begin MonoManager ReloadAssembly
Registering precompiled unity dll's ...
Register platform support module: D:/Unity/2020.3.7f1/Editor/Data/PlaybackEngines/MacStandaloneSupport/UnityEditor.OSXStandalone.Extensions.dll
Register platform support module: D:/Unity/2020.3.7f1/Editor/Data/PlaybackEngines/WindowsStandaloneSupport/UnityEditor.WindowsStandalone.Extensions.dll
Registered in 0.001262 seconds.
Native extension for WindowsStandalone target not found
Native extension for OSXStandalone target not found
Refreshing native plugins compatible for Editor in 36.82 ms, found 3 plugins.
Preloading 0 native plugins for Editor in 0.00 ms.
Mono: successfully reloaded assembly
- Completed reload, in  1.017 seconds
Platform modules already initialized, skipping
Registering precompiled user dll's ...
Registered in 0.004726 seconds.
Begin MonoManager ReloadAssembly
Native extension for WindowsStandalone target not found
Native extension for OSXStandalone target not found
Refreshing native plugins compatible for Editor in 38.63 ms, found 3 plugins.
Preloading 0 native plugins for Editor in 0.00 ms.
Mono: successfully reloaded assembly
- Completed reload, in  0.931 seconds
Platform modules already initialized, skipping
========================================================================
Worker process is ready to serve import requests
Launched and connected shader compiler UnityShaderCompiler.exe after 0.04 seconds
Refreshing native plugins compatible for Editor in 0.57 ms, found 3 plugins.
Preloading 0 native plugins for Editor in 0.00 ms.
Unloading 2255 Unused Serialized files (Serialized files now loaded: 0)
System memory in use before: 99.3 MB.
System memory in use after: 99.3 MB.

Unloading 33 unused Assets to reduce memory usage. Loaded Objects now: 2691.
Total: 2.158800 ms (FindLiveObjects: 0.190300 ms CreateObjectMapping: 0.150300 ms MarkObjects: 1.696400 ms  DeleteObjects: 0.120600 ms)

========================================================================
Received Import Request.
  path: Assets/Scenes/StartMenu.unity
  artifactKey: Guid(d7a6d863b89238641833c71c1dc6445e) Importer(815301076,1909f56bfc062723c751e8b465ee728b)
Start importing Assets/Scenes/StartMenu.unity using Guid(d7a6d863b89238641833c71c1dc6445e) Importer(815301076,1909f56bfc062723c751e8b465ee728b)  -> (artifact id: 'aa193ff4b3bb5bd3ad7cdb89ff90e073') in 0.033911 seconds
  Import took 0.037413 seconds .

========================================================================
Received Prepare
Registering precompiled user dll's ...
Registered in 0.004133 seconds.
Begin MonoManager ReloadAssembly
Native extension for WindowsStandalone target not found
Native extension for OSXStandalone target not found
Refreshing native plugins compatible for Editor in 0.43 ms, found 3 plugins.
Preloading 0 native plugins for Editor in 0.00 ms.
Mono: successfully reloaded assembly
- Completed reload, in  0.839 seconds
Platform modules already initialized, skipping
Refreshing native plugins compatible for Editor in 0.45 ms, found 3 plugins.
Preloading 0 native plugins for Editor in 0.00 ms.
Unloading 2245 Unused Serialized files (Serialized files now loaded: 0)
System memory in use before: 98.9 MB.
System memory in use after: 98.9 MB.

Unloading 21 unused Assets to reduce memory usage. Loaded Objects now: 2695.
Total: 2.864500 ms (FindLiveObjects: 0.299000 ms CreateObjectMapping: 0.102300 ms MarkObjects: 2.365300 ms  DeleteObjects: 0.096800 ms)

========================================================================
Received Import Request.
  Time since last request: 53.939478 seconds.
  path: Assets/Scenes/Scene1-3.unity
  artifactKey: Guid(2a396fc73a700854ba6e6c0c67cc3c11) Importer(815301076,1909f56bfc062723c751e8b465ee728b)
Start importing Assets/Scenes/Scene1-3.unity using Guid(2a396fc73a700854ba6e6c0c67cc3c11) Importer(815301076,1909f56bfc062723c751e8b465ee728b)  -> (artifact id: '28c464c97915f3b660782fdcbbfe585f') in 0.013232 seconds
  Import took 0.016144 seconds .

========================================================================
Received Import Request.
  Time since last request: 5.635642 seconds.
  path: Assets/Scenes/Scene1-4.unity
  artifactKey: Guid(160300ed9a41ac14c9dff6a51515da8d) Importer(815301076,1909f56bfc062723c751e8b465ee728b)
Start importing Assets/Scenes/Scene1-4.unity using Guid(160300ed9a41ac14c9dff6a51515da8d) Importer(815301076,1909f56bfc062723c751e8b465ee728b)  -> (artifact id: '61be026a3049fb41a8b7431f42b11c63') in 0.006653 seconds
  Import took 0.009794 seconds .

========================================================================
Received Import Request.
  Time since last request: 7.256711 seconds.
  path: Assets/Scenes/Scene1-5.unity
  artifactKey: Guid(36776cedbcb814f51a7f19f7756a745a) Importer(815301076,1909f56bfc062723c751e8b465ee728b)
Start importing Assets/Scenes/Scene1-5.unity using Guid(36776cedbcb814f51a7f19f7756a745a) Importer(815301076,1909f56bfc062723c751e8b465ee728b)  -> (artifact id: '91294bbab9e587b962409924d94c916c') in 0.006677 seconds
  Import took 0.011291 seconds .

========================================================================
Received Import Request.
  Time since last request: 5.292445 seconds.
  path: Assets/Scenes/Scene1-F.unity
  artifactKey: Guid(4326113267581d74997c65f734649e10) Importer(815301076,1909f56bfc062723c751e8b465ee728b)
Start importing Assets/Scenes/Scene1-F.unity using Guid(4326113267581d74997c65f734649e10) Importer(815301076,1909f56bfc062723c751e8b465ee728b)  -> (artifact id: 'a8bbae3ca7faee846712a9541aa0327a') in 0.006655 seconds
  Import took 0.010189 seconds .

========================================================================
Received Prepare
Registering precompiled user dll's ...
Registered in 0.004250 seconds.
Begin MonoManager ReloadAssembly
Native extension for WindowsStandalone target not found
Native extension for OSXStandalone target not found
Refreshing native plugins compatible for Editor in 0.79 ms, found 3 plugins.
Preloading 0 native plugins for Editor in 0.00 ms.
Mono: successfully reloaded assembly
- Completed reload, in  0.885 seconds
Platform modules already initialized, skipping
Refreshing native plugins compatible for Editor in 0.46 ms, found 3 plugins.
Preloading 0 native plugins for Editor in 0.00 ms.
Unloading 2245 Unused Serialized files (Serialized files now loaded: 0)
System memory in use before: 99.1 MB.
System memory in use after: 99.1 MB.

Unloading 21 unused Assets to reduce memory usage. Loaded Objects now: 2699.
Total: 3.282500 ms (FindLiveObjects: 0.351500 ms CreateObjectMapping: 0.158400 ms MarkObjects: 2.664000 ms  DeleteObjects: 0.106900 ms)

========================================================================
Received Import Request.
  Time since last request: 14.776632 seconds.
  path: Assets/Scenes/SceneE-E.unity
  artifactKey: Guid(d02e84caac7d82f4ba9ab0fa6fdadd0f) Importer(815301076,1909f56bfc062723c751e8b465ee728b)
Start importing Assets/Scenes/SceneE-E.unity using Guid(d02e84caac7d82f4ba9ab0fa6fdadd0f) Importer(815301076,1909f56bfc062723c751e8b465ee728b)  -> (artifact id: '6c8fe360b4c60a78f02d834e3e883b0d') in 0.014752 seconds
  Import took 0.017856 seconds .

========================================================================
Received Prepare
Registering precompiled user dll's ...
Registered in 0.004058 seconds.
Begin MonoManager ReloadAssembly
Native extension for WindowsStandalone target not found
Native extension for OSXStandalone target not found
Refreshing native plugins compatible for Editor in 0.47 ms, found 3 plugins.
Preloading 0 native plugins for Editor in 0.00 ms.
Mono: successfully reloaded assembly
- Completed reload, in  0.901 seconds
Platform modules already initialized, skipping
Refreshing native plugins compatible for Editor in 0.43 ms, found 3 plugins.
Preloading 0 native plugins for Editor in 0.00 ms.
Unloading 2245 Unused Serialized files (Serialized files now loaded: 0)
System memory in use before: 99.1 MB.
System memory in use after: 99.1 MB.

Unloading 21 unused Assets to reduce memory usage. Loaded Objects now: 2703.
Total: 8.340400 ms (FindLiveObjects: 0.519700 ms CreateObjectMapping: 0.328600 ms MarkObjects: 7.292600 ms  DeleteObjects: 0.196700 ms)

========================================================================
Received Prepare
Registering precompiled user dll's ...
Registered in 0.004316 seconds.
Begin MonoManager ReloadAssembly
Native extension for WindowsStandalone target not found
Native extension for OSXStandalone target not found
Refreshing native plugins compatible for Editor in 0.44 ms, found 3 plugins.
Preloading 0 native plugins for Editor in 0.00 ms.
Mono: successfully reloaded assembly
- Completed reload, in  0.878 seconds
Platform modules already initialized, skipping
Refreshing native plugins compatible for Editor in 0.44 ms, found 3 plugins.
Preloading 0 native plugins for Editor in 0.00 ms.
Unloading 2245 Unused Serialized files (Serialized files now loaded: 0)
System memory in use before: 99.1 MB.
System memory in use after: 99.1 MB.

Unloading 21 unused Assets to reduce memory usage. Loaded Objects now: 2707.
Total: 5.931700 ms (FindLiveObjects: 0.470300 ms CreateObjectMapping: 0.286300 ms MarkObjects: 5.017900 ms  DeleteObjects: 0.154900 ms)

========================================================================
Received Prepare
Registering precompiled user dll's ...
Registered in 0.004147 seconds.
Begin MonoManager ReloadAssembly
Native extension for WindowsStandalone target not found
Native extension for OSXStandalone target not found
Refreshing native plugins compatible for Editor in 0.44 ms, found 3 plugins.
Preloading 0 native plugins for Editor in 0.00 ms.
Mono: successfully reloaded assembly
- Completed reload, in  0.858 seconds
Platform modules already initialized, skipping
Refreshing native plugins compatible for Editor in 0.44 ms, found 3 plugins.
Preloading 0 native plugins for Editor in 0.00 ms.
Unloading 2245 Unused Serialized files (Serialized files now loaded: 0)
System memory in use before: 99.1 MB.
System memory in use after: 99.2 MB.

Unloading 21 unused Assets to reduce memory usage. Loaded Objects now: 2711.
Total: 6.546800 ms (FindLiveObjects: 0.516300 ms CreateObjectMapping: 0.259800 ms MarkObjects: 5.571700 ms  DeleteObjects: 0.196400 ms)

========================================================================
Received Prepare
Registering precompiled user dll's ...
Registered in 0.004025 seconds.
Begin MonoManager ReloadAssembly
Native extension for WindowsStandalone target not found
Native extension for OSXStandalone target not found
Refreshing native plugins compatible for Editor in 0.44 ms, found 3 plugins.
Preloading 0 native plugins for Editor in 0.00 ms.
Mono: successfully reloaded assembly
- Completed reload, in  0.853 seconds
Platform modules already initialized, skipping
Refreshing native plugins compatible for Editor in 0.45 ms, found 3 plugins.
Preloading 0 native plugins for Editor in 0.00 ms.
Unloading 2245 Unused Serialized files (Serialized files now loaded: 0)
System memory in use before: 99.2 MB.
System memory in use after: 99.4 MB.

Unloading 21 unused Assets to reduce memory usage. Loaded Objects now: 2715.
Total: 2.433100 ms (FindLiveObjects: 0.299300 ms CreateObjectMapping: 0.105700 ms MarkObjects: 1.922800 ms  DeleteObjects: 0.104400 ms)

========================================================================
Received Prepare
Registering precompiled user dll's ...
Registered in 0.004233 seconds.
Begin MonoManager ReloadAssembly
Native extension for WindowsStandalone target not found
Native extension for OSXStandalone target not found
Refreshing native plugins compatible for Editor in 0.44 ms, found 3 plugins.
Preloading 0 native plugins for Editor in 0.00 ms.
Mono: successfully reloaded assembly
- Completed reload, in  0.836 seconds
Platform modules already initialized, skipping
Refreshing native plugins compatible for Editor in 0.44 ms, found 3 plugins.
Preloading 0 native plugins for Editor in 0.00 ms.
Unloading 2245 Unused Serialized files (Serialized files now loaded: 0)
System memory in use before: 99.2 MB.
System memory in use after: 99.4 MB.

Unloading 21 unused Assets to reduce memory usage. Loaded Objects now: 2719.
Total: 7.853200 ms (FindLiveObjects: 0.590500 ms CreateObjectMapping: 0.338500 ms MarkObjects: 6.658000 ms  DeleteObjects: 0.262300 ms)

========================================================================
Received Prepare
Registering precompiled user dll's ...
Registered in 0.004551 seconds.
Begin MonoManager ReloadAssembly
Native extension for WindowsStandalone target not found
Native extension for OSXStandalone target not found
Refreshing native plugins compatible for Editor in 0.45 ms, found 3 plugins.
Preloading 0 native plugins for Editor in 0.00 ms.
Mono: successfully reloaded assembly
- Completed reload, in  0.865 seconds
Platform modules already initialized, skipping
Refreshing native plugins compatible for Editor in 0.76 ms, found 3 plugins.
Preloading 0 native plugins for Editor in 0.00 ms.
Unloading 2245 Unused Serialized files (Serialized files now loaded: 0)
System memory in use before: 99.3 MB.
System memory in use after: 99.4 MB.

Unloading 21 unused Assets to reduce memory usage. Loaded Objects now: 2723.
Total: 2.502100 ms (FindLiveObjects: 0.264900 ms CreateObjectMapping: 0.099600 ms MarkObjects: 2.055300 ms  DeleteObjects: 0.080700 ms)

========================================================================
Received Prepare
Registering precompiled user dll's ...
Registered in 0.004070 seconds.
Begin MonoManager ReloadAssembly
Native extension for WindowsStandalone target not found
Native extension for OSXStandalone target not found
Refreshing native plugins compatible for Editor in 0.44 ms, found 3 plugins.
Preloading 0 native plugins for Editor in 0.00 ms.
Mono: successfully reloaded assembly
- Completed reload, in  0.842 seconds
Platform modules already initialized, skipping
Refreshing native plugins compatible for Editor in 0.45 ms, found 3 plugins.
Preloading 0 native plugins for Editor in 0.00 ms.
Unloading 2245 Unused Serialized files (Serialized files now loaded: 0)
System memory in use before: 99.3 MB.
System memory in use after: 99.4 MB.

Unloading 21 unused Assets to reduce memory usage. Loaded Objects now: 2727.
Total: 2.170900 ms (FindLiveObjects: 0.215100 ms CreateObjectMapping: 0.113600 ms MarkObjects: 1.744400 ms  DeleteObjects: 0.097000 ms)

========================================================================
Received Prepare
Registering precompiled user dll's ...
Registered in 0.004156 seconds.
Begin MonoManager ReloadAssembly
Native extension for WindowsStandalone target not found
Native extension for OSXStandalone target not found
Refreshing native plugins compatible for Editor in 0.45 ms, found 3 plugins.
Preloading 0 native plugins for Editor in 0.00 ms.
Mono: successfully reloaded assembly
- Completed reload, in  0.856 seconds
Platform modules already initialized, skipping
Refreshing native plugins compatible for Editor in 0.44 ms, found 3 plugins.
Preloading 0 native plugins for Editor in 0.00 ms.
Unloading 2245 Unused Serialized files (Serialized files now loaded: 0)
System memory in use before: 99.2 MB.
System memory in use after: 99.3 MB.

Unloading 21 unused Assets to reduce memory usage. Loaded Objects now: 2731.
Total: 5.275700 ms (FindLiveObjects: 0.816700 ms CreateObjectMapping: 0.275000 ms MarkObjects: 4.106200 ms  DeleteObjects: 0.075600 ms)

========================================================================
Received Prepare
Registering precompiled user dll's ...
Registered in 0.004095 seconds.
Begin MonoManager ReloadAssembly
Native extension for WindowsStandalone target not found
Native extension for OSXStandalone target not found
Refreshing native plugins compatible for Editor in 0.43 ms, found 3 plugins.
Preloading 0 native plugins for Editor in 0.00 ms.
Mono: successfully reloaded assembly
- Completed reload, in  0.828 seconds
Platform modules already initialized, skipping
Refreshing native plugins compatible for Editor in 0.44 ms, found 3 plugins.
Preloading 0 native plugins for Editor in 0.00 ms.
Unloading 2245 Unused Serialized files (Serialized files now loaded: 0)
System memory in use before: 99.3 MB.
System memory in use after: 99.4 MB.

Unloading 21 unused Assets to reduce memory usage. Loaded Objects now: 2735.
Total: 9.812700 ms (FindLiveObjects: 0.905600 ms CreateObjectMapping: 0.474000 ms MarkObjects: 8.151100 ms  DeleteObjects: 0.278000 ms)

========================================================================
Received Prepare
Registering precompiled user dll's ...
Registered in 0.004057 seconds.
Begin MonoManager ReloadAssembly
Native extension for WindowsStandalone target not found
Native extension for OSXStandalone target not found
Refreshing native plugins compatible for Editor in 0.46 ms, found 3 plugins.
Preloading 0 native plugins for Editor in 0.00 ms.
Mono: successfully reloaded assembly
- Completed reload, in  0.842 seconds
Platform modules already initialized, skipping
Refreshing native plugins compatible for Editor in 0.45 ms, found 3 plugins.
Preloading 0 native plugins for Editor in 0.00 ms.
Unloading 2245 Unused Serialized files (Serialized files now loaded: 0)
System memory in use before: 99.3 MB.
System memory in use after: 99.4 MB.

Unloading 21 unused Assets to reduce memory usage. Loaded Objects now: 2739.
Total: 8.802700 ms (FindLiveObjects: 0.613500 ms CreateObjectMapping: 0.336200 ms MarkObjects: 7.654100 ms  DeleteObjects: 0.195500 ms)

========================================================================
Received Prepare
Registering precompiled user dll's ...
Registered in 0.004170 seconds.
Begin MonoManager ReloadAssembly
Native extension for WindowsStandalone target not found
Native extension for OSXStandalone target not found
Refreshing native plugins compatible for Editor in 0.44 ms, found 3 plugins.
Preloading 0 native plugins for Editor in 0.00 ms.
Mono: successfully reloaded assembly
- Completed reload, in  0.828 seconds
Platform modules already initialized, skipping
Refreshing native plugins compatible for Editor in 0.53 ms, found 3 plugins.
Preloading 0 native plugins for Editor in 0.00 ms.
Unloading 2245 Unused Serialized files (Serialized files now loaded: 0)
System memory in use before: 99.3 MB.
System memory in use after: 99.4 MB.

Unloading 21 unused Assets to reduce memory usage. Loaded Objects now: 2743.
Total: 2.635400 ms (FindLiveObjects: 0.348600 ms CreateObjectMapping: 0.122900 ms MarkObjects: 2.056200 ms  DeleteObjects: 0.106700 ms)

========================================================================
Received Prepare
Registering precompiled user dll's ...
Registered in 0.004150 seconds.
Begin MonoManager ReloadAssembly
Native extension for WindowsStandalone target not found
Native extension for OSXStandalone target not found
Refreshing native plugins compatible for Editor in 0.44 ms, found 3 plugins.
Preloading 0 native plugins for Editor in 0.00 ms.
Mono: successfully reloaded assembly
- Completed reload, in  0.838 seconds
Platform modules already initialized, skipping
Refreshing native plugins compatible for Editor in 0.45 ms, found 3 plugins.
Preloading 0 native plugins for Editor in 0.00 ms.
Unloading 2245 Unused Serialized files (Serialized files now loaded: 0)
System memory in use before: 99.3 MB.
System memory in use after: 99.4 MB.

Unloading 21 unused Assets to reduce memory usage. Loaded Objects now: 2747.
Total: 4.764500 ms (FindLiveObjects: 0.465000 ms CreateObjectMapping: 0.224600 ms MarkObjects: 3.905800 ms  DeleteObjects: 0.167000 ms)

========================================================================
Received Import Request.
  Time since last request: 561.444079 seconds.
  path: Assets/Animations/PassFade.controller
  artifactKey: Guid(80ab7db09eb4843b3864f131caf926fd) Importer(815301076,1909f56bfc062723c751e8b465ee728b)
Start importing Assets/Animations/PassFade.controller using Guid(80ab7db09eb4843b3864f131caf926fd) Importer(815301076,1909f56bfc062723c751e8b465ee728b)  -> (artifact id: '12fd26e588fcda1199dcdd49149482d4') in 0.051744 seconds
  Import took 0.055023 seconds .

========================================================================
Received Prepare
Registering precompiled user dll's ...
Registered in 0.005105 seconds.
Begin MonoManager ReloadAssembly
Native extension for WindowsStandalone target not found
Native extension for OSXStandalone target not found
Refreshing native plugins compatible for Editor in 0.44 ms, found 3 plugins.
Preloading 0 native plugins for Editor in 0.00 ms.
Mono: successfully reloaded assembly
- Completed reload, in  0.848 seconds
Platform modules already initialized, skipping
Refreshing native plugins compatible for Editor in 0.44 ms, found 3 plugins.
Preloading 0 native plugins for Editor in 0.00 ms.
Unloading 2245 Unused Serialized files (Serialized files now loaded: 0)
System memory in use before: 99.2 MB.
System memory in use after: 99.4 MB.

Unloading 21 unused Assets to reduce memory usage. Loaded Objects now: 2751.
Total: 7.665400 ms (FindLiveObjects: 0.769100 ms CreateObjectMapping: 0.375200 ms MarkObjects: 6.410600 ms  DeleteObjects: 0.108200 ms)

========================================================================
Received Prepare
Registering precompiled user dll's ...
Registered in 0.004111 seconds.
Begin MonoManager ReloadAssembly
Native extension for WindowsStandalone target not found
Native extension for OSXStandalone target not found
Refreshing native plugins compatible for Editor in 0.49 ms, found 3 plugins.
Preloading 0 native plugins for Editor in 0.00 ms.
Mono: successfully reloaded assembly
- Completed reload, in  0.839 seconds
Platform modules already initialized, skipping
Refreshing native plugins compatible for Editor in 0.44 ms, found 3 plugins.
Preloading 0 native plugins for Editor in 0.00 ms.
Unloading 2245 Unused Serialized files (Serialized files now loaded: 0)
System memory in use before: 99.2 MB.
System memory in use after: 99.4 MB.

Unloading 21 unused Assets to reduce memory usage. Loaded Objects now: 2755.
Total: 2.334000 ms (FindLiveObjects: 0.207700 ms CreateObjectMapping: 0.083000 ms MarkObjects: 1.936500 ms  DeleteObjects: 0.105600 ms)

========================================================================
Received Prepare
Registering precompiled user dll's ...
Registered in 0.004215 seconds.
Begin MonoManager ReloadAssembly
Native extension for WindowsStandalone target not found
Native extension for OSXStandalone target not found
Refreshing native plugins compatible for Editor in 0.53 ms, found 3 plugins.
Preloading 0 native plugins for Editor in 0.00 ms.
Mono: successfully reloaded assembly
- Completed reload, in  0.854 seconds
Platform modules already initialized, skipping
Refreshing native plugins compatible for Editor in 0.45 ms, found 3 plugins.
Preloading 0 native plugins for Editor in 0.00 ms.
Unloading 2245 Unused Serialized files (Serialized files now loaded: 0)
System memory in use before: 99.3 MB.
System memory in use after: 99.4 MB.

Unloading 21 unused Assets to reduce memory usage. Loaded Objects now: 2759.
Total: 2.213300 ms (FindLiveObjects: 0.235300 ms CreateObjectMapping: 0.095100 ms MarkObjects: 1.770600 ms  DeleteObjects: 0.111600 ms)

========================================================================
Received Prepare
Registering precompiled user dll's ...
Registered in 0.004093 seconds.
Begin MonoManager ReloadAssembly
Native extension for WindowsStandalone target not found
Native extension for OSXStandalone target not found
Refreshing native plugins compatible for Editor in 0.44 ms, found 3 plugins.
Preloading 0 native plugins for Editor in 0.00 ms.
Mono: successfully reloaded assembly
- Completed reload, in  0.828 seconds
Platform modules already initialized, skipping
Refreshing native plugins compatible for Editor in 0.44 ms, found 3 plugins.
Preloading 0 native plugins for Editor in 0.00 ms.
Unloading 2245 Unused Serialized files (Serialized files now loaded: 0)
System memory in use before: 99.3 MB.
System memory in use after: 99.4 MB.

Unloading 21 unused Assets to reduce memory usage. Loaded Objects now: 2763.
Total: 5.170700 ms (FindLiveObjects: 0.494300 ms CreateObjectMapping: 0.284700 ms MarkObjects: 4.231700 ms  DeleteObjects: 0.157400 ms)

========================================================================
Received Prepare
Registering precompiled user dll's ...
Registered in 0.004150 seconds.
Begin MonoManager ReloadAssembly
Native extension for WindowsStandalone target not found
Native extension for OSXStandalone target not found
Refreshing native plugins compatible for Editor in 0.46 ms, found 3 plugins.
Preloading 0 native plugins for Editor in 0.00 ms.
Mono: successfully reloaded assembly
- Completed reload, in  0.844 seconds
Platform modules already initialized, skipping
Refreshing native plugins compatible for Editor in 0.47 ms, found 3 plugins.
Preloading 0 native plugins for Editor in 0.00 ms.
Unloading 2245 Unused Serialized files (Serialized files now loaded: 0)
System memory in use before: 99.4 MB.
System memory in use after: 99.5 MB.

Unloading 21 unused Assets to reduce memory usage. Loaded Objects now: 2767.
Total: 2.455900 ms (FindLiveObjects: 0.287400 ms CreateObjectMapping: 0.090900 ms MarkObjects: 1.963700 ms  DeleteObjects: 0.113000 ms)

========================================================================
Received Import Request.
  Time since last request: 161.578901 seconds.
  path: Assets/Animations/Fade_Pass_End.anim
  artifactKey: Guid(36bc0238685cf4441a84335bcdcde152) Importer(815301076,1909f56bfc062723c751e8b465ee728b)
Start importing Assets/Animations/Fade_Pass_End.anim using Guid(36bc0238685cf4441a84335bcdcde152) Importer(815301076,1909f56bfc062723c751e8b465ee728b)  -> (artifact id: '5813aceb55ab6cf1c170ffa1f45b2e17') in 0.014376 seconds
  Import took 0.017416 seconds .

========================================================================
Received Import Request.
  Time since last request: 0.029501 seconds.
  path: Assets/Animations/Fade_Pass_End.anim
  artifactKey: Guid(36bc0238685cf4441a84335bcdcde152) Importer(815301076,1909f56bfc062723c751e8b465ee728b)
Start importing Assets/Animations/Fade_Pass_End.anim using Guid(36bc0238685cf4441a84335bcdcde152) Importer(815301076,1909f56bfc062723c751e8b465ee728b)  -> (artifact id: '5813aceb55ab6cf1c170ffa1f45b2e17') in 0.002975 seconds
  Import took 0.006514 seconds .

========================================================================
Received Prepare
Registering precompiled user dll's ...
Registered in 0.004214 seconds.
Begin MonoManager ReloadAssembly
Native extension for WindowsStandalone target not found
Native extension for OSXStandalone target not found
Refreshing native plugins compatible for Editor in 0.45 ms, found 3 plugins.
Preloading 0 native plugins for Editor in 0.00 ms.
Mono: successfully reloaded assembly
- Completed reload, in  0.843 seconds
Platform modules already initialized, skipping
Refreshing native plugins compatible for Editor in 0.44 ms, found 3 plugins.
Preloading 0 native plugins for Editor in 0.00 ms.
Unloading 2245 Unused Serialized files (Serialized files now loaded: 0)
System memory in use before: 99.4 MB.
System memory in use after: 99.5 MB.

Unloading 21 unused Assets to reduce memory usage. Loaded Objects now: 2771.
Total: 2.203700 ms (FindLiveObjects: 0.235700 ms CreateObjectMapping: 0.079200 ms MarkObjects: 1.789200 ms  DeleteObjects: 0.098700 ms)

========================================================================
Received Prepare
Registering precompiled user dll's ...
Registered in 0.003969 seconds.
Begin MonoManager ReloadAssembly
Native extension for WindowsStandalone target not found
Native extension for OSXStandalone target not found
Refreshing native plugins compatible for Editor in 0.44 ms, found 3 plugins.
Preloading 0 native plugins for Editor in 0.00 ms.
Mono: successfully reloaded assembly
- Completed reload, in  0.838 seconds
Platform modules already initialized, skipping
Refreshing native plugins compatible for Editor in 0.45 ms, found 3 plugins.
Preloading 0 native plugins for Editor in 0.00 ms.
Unloading 2245 Unused Serialized files (Serialized files now loaded: 0)
System memory in use before: 99.4 MB.
System memory in use after: 99.5 MB.

Unloading 21 unused Assets to reduce memory usage. Loaded Objects now: 2775.
Total: 8.599400 ms (FindLiveObjects: 1.063200 ms CreateObjectMapping: 0.372400 ms MarkObjects: 6.888900 ms  DeleteObjects: 0.271000 ms)

========================================================================
Received Prepare
Registering precompiled user dll's ...
Registered in 0.005304 seconds.
Begin MonoManager ReloadAssembly
Native extension for WindowsStandalone target not found
Native extension for OSXStandalone target not found
Refreshing native plugins compatible for Editor in 0.45 ms, found 3 plugins.
Preloading 0 native plugins for Editor in 0.00 ms.
Mono: successfully reloaded assembly
- Completed reload, in  0.839 seconds
Platform modules already initialized, skipping
Refreshing native plugins compatible for Editor in 0.44 ms, found 3 plugins.
Preloading 0 native plugins for Editor in 0.00 ms.
Unloading 2245 Unused Serialized files (Serialized files now loaded: 0)
System memory in use before: 99.4 MB.
System memory in use after: 99.5 MB.

Unloading 21 unused Assets to reduce memory usage. Loaded Objects now: 2779.
Total: 2.074800 ms (FindLiveObjects: 0.184800 ms CreateObjectMapping: 0.081300 ms MarkObjects: 1.737600 ms  DeleteObjects: 0.070400 ms)

========================================================================
Received Prepare
Registering precompiled user dll's ...
Registered in 0.005059 seconds.
Begin MonoManager ReloadAssembly
Native extension for WindowsStandalone target not found
Native extension for OSXStandalone target not found
Refreshing native plugins compatible for Editor in 0.44 ms, found 3 plugins.
Preloading 0 native plugins for Editor in 0.00 ms.
Mono: successfully reloaded assembly
- Completed reload, in  0.887 seconds
Platform modules already initialized, skipping
Refreshing native plugins compatible for Editor in 0.46 ms, found 3 plugins.
Preloading 0 native plugins for Editor in 0.00 ms.
Unloading 2245 Unused Serialized files (Serialized files now loaded: 0)
System memory in use before: 99.3 MB.
System memory in use after: 99.4 MB.

Unloading 21 unused Assets to reduce memory usage. Loaded Objects now: 2783.
Total: 2.691900 ms (FindLiveObjects: 0.410900 ms CreateObjectMapping: 0.121100 ms MarkObjects: 2.074500 ms  DeleteObjects: 0.084100 ms)

========================================================================
Received Prepare
Registering precompiled user dll's ...
Registered in 0.004026 seconds.
Begin MonoManager ReloadAssembly
Native extension for WindowsStandalone target not found
Native extension for OSXStandalone target not found
Refreshing native plugins compatible for Editor in 0.44 ms, found 3 plugins.
Preloading 0 native plugins for Editor in 0.00 ms.
Mono: successfully reloaded assembly
- Completed reload, in  0.833 seconds
Platform modules already initialized, skipping
Refreshing native plugins compatible for Editor in 0.47 ms, found 3 plugins.
Preloading 0 native plugins for Editor in 0.00 ms.
Unloading 2245 Unused Serialized files (Serialized files now loaded: 0)
System memory in use before: 99.3 MB.
System memory in use after: 99.4 MB.

Unloading 21 unused Assets to reduce memory usage. Loaded Objects now: 2787.
Total: 2.478500 ms (FindLiveObjects: 0.221300 ms CreateObjectMapping: 0.087300 ms MarkObjects: 2.067900 ms  DeleteObjects: 0.101100 ms)

========================================================================
Received Prepare
Registering precompiled user dll's ...
Registered in 0.004837 seconds.
Begin MonoManager ReloadAssembly
Native extension for WindowsStandalone target not found
Native extension for OSXStandalone target not found
Refreshing native plugins compatible for Editor in 0.44 ms, found 3 plugins.
Preloading 0 native plugins for Editor in 0.00 ms.
Mono: successfully reloaded assembly
- Completed reload, in  0.844 seconds
Platform modules already initialized, skipping
Refreshing native plugins compatible for Editor in 0.49 ms, found 3 plugins.
Preloading 0 native plugins for Editor in 0.00 ms.
Unloading 2245 Unused Serialized files (Serialized files now loaded: 0)
System memory in use before: 99.3 MB.
System memory in use after: 99.5 MB.

Unloading 21 unused Assets to reduce memory usage. Loaded Objects now: 2791.
Total: 4.849100 ms (FindLiveObjects: 0.505800 ms CreateObjectMapping: 0.264600 ms MarkObjects: 3.922100 ms  DeleteObjects: 0.154300 ms)

========================================================================
Received Prepare
Registering precompiled user dll's ...
Registered in 0.004220 seconds.
Begin MonoManager ReloadAssembly
Native extension for WindowsStandalone target not found
Native extension for OSXStandalone target not found
Refreshing native plugins compatible for Editor in 0.44 ms, found 3 plugins.
Preloading 0 native plugins for Editor in 0.00 ms.
Mono: successfully reloaded assembly
- Completed reload, in  0.826 seconds
Platform modules already initialized, skipping
Refreshing native plugins compatible for Editor in 0.44 ms, found 3 plugins.
Preloading 0 native plugins for Editor in 0.00 ms.
Unloading 2245 Unused Serialized files (Serialized files now loaded: 0)
System memory in use before: 99.4 MB.
System memory in use after: 99.6 MB.

Unloading 21 unused Assets to reduce memory usage. Loaded Objects now: 2795.
Total: 6.074300 ms (FindLiveObjects: 0.533300 ms CreateObjectMapping: 0.268000 ms MarkObjects: 5.117000 ms  DeleteObjects: 0.153400 ms)

========================================================================
Received Prepare
Registering precompiled user dll's ...
Registered in 0.004108 seconds.
Begin MonoManager ReloadAssembly
Native extension for WindowsStandalone target not found
Native extension for OSXStandalone target not found
Refreshing native plugins compatible for Editor in 0.45 ms, found 3 plugins.
Preloading 0 native plugins for Editor in 0.00 ms.
Mono: successfully reloaded assembly
- Completed reload, in  0.818 seconds
Platform modules already initialized, skipping
Refreshing native plugins compatible for Editor in 0.45 ms, found 3 plugins.
Preloading 0 native plugins for Editor in 0.00 ms.
Unloading 2245 Unused Serialized files (Serialized files now loaded: 0)
System memory in use before: 99.5 MB.
System memory in use after: 99.6 MB.

Unloading 21 unused Assets to reduce memory usage. Loaded Objects now: 2799.
Total: 2.422500 ms (FindLiveObjects: 0.297700 ms CreateObjectMapping: 0.096200 ms MarkObjects: 1.911300 ms  DeleteObjects: 0.116100 ms)

========================================================================
Received Prepare
Registering precompiled user dll's ...
Registered in 0.004071 seconds.
Begin MonoManager ReloadAssembly
Native extension for WindowsStandalone target not found
Native extension for OSXStandalone target not found
Refreshing native plugins compatible for Editor in 0.46 ms, found 3 plugins.
Preloading 0 native plugins for Editor in 0.00 ms.
Mono: successfully reloaded assembly
- Completed reload, in  0.838 seconds
Platform modules already initialized, skipping
Refreshing native plugins compatible for Editor in 0.46 ms, found 3 plugins.
Preloading 0 native plugins for Editor in 0.00 ms.
Unloading 2245 Unused Serialized files (Serialized files now loaded: 0)
System memory in use before: 99.5 MB.
System memory in use after: 99.6 MB.

Unloading 21 unused Assets to reduce memory usage. Loaded Objects now: 2803.
Total: 8.175100 ms (FindLiveObjects: 0.668400 ms CreateObjectMapping: 0.369700 ms MarkObjects: 6.864900 ms  DeleteObjects: 0.267700 ms)

========================================================================
Received Import Request.
  Time since last request: 700.021572 seconds.
  path: Assets/Animations/FailFade 1.controller
  artifactKey: Guid(043cfe6fb6b0e40e7944f07757a3ea48) Importer(815301076,1909f56bfc062723c751e8b465ee728b)
Start importing Assets/Animations/FailFade 1.controller using Guid(043cfe6fb6b0e40e7944f07757a3ea48) Importer(815301076,1909f56bfc062723c751e8b465ee728b)  -> (artifact id: '5422967af840beb00adc67c18161c388') in 0.018981 seconds
  Import took 0.022229 seconds .

========================================================================
Received Import Request.
  Time since last request: 39.449581 seconds.
  path: Assets/Animations/FailFade 1.controller
  artifactKey: Guid(043cfe6fb6b0e40e7944f07757a3ea48) Importer(815301076,1909f56bfc062723c751e8b465ee728b)
Start importing Assets/Animations/FailFade 1.controller using Guid(043cfe6fb6b0e40e7944f07757a3ea48) Importer(815301076,1909f56bfc062723c751e8b465ee728b)  -> (artifact id: 'd6859cbf89ded880a6df853a14c60829') in 0.003851 seconds
  Import took 0.007145 seconds .

========================================================================
Received Import Request.
  Time since last request: 0.002766 seconds.
  path: Assets/Animations/FailFade 1.controller
  artifactKey: Guid(043cfe6fb6b0e40e7944f07757a3ea48) Importer(815301076,1909f56bfc062723c751e8b465ee728b)
Start importing Assets/Animations/FailFade 1.controller using Guid(043cfe6fb6b0e40e7944f07757a3ea48) Importer(815301076,1909f56bfc062723c751e8b465ee728b)  -> (artifact id: 'd6859cbf89ded880a6df853a14c60829') in 0.003393 seconds
  Import took 0.006424 seconds .

========================================================================
Received Prepare
Registering precompiled user dll's ...
Registered in 0.004274 seconds.
Begin MonoManager ReloadAssembly
Native extension for WindowsStandalone target not found
Native extension for OSXStandalone target not found
Refreshing native plugins compatible for Editor in 0.43 ms, found 3 plugins.
Preloading 0 native plugins for Editor in 0.00 ms.
Mono: successfully reloaded assembly
- Completed reload, in  0.852 seconds
Platform modules already initialized, skipping
Refreshing native plugins compatible for Editor in 0.47 ms, found 3 plugins.
Preloading 0 native plugins for Editor in 0.00 ms.
Unloading 2245 Unused Serialized files (Serialized files now loaded: 0)
System memory in use before: 99.5 MB.
System memory in use after: 99.6 MB.

Unloading 21 unused Assets to reduce memory usage. Loaded Objects now: 2807.
Total: 2.556600 ms (FindLiveObjects: 0.223000 ms CreateObjectMapping: 0.099100 ms MarkObjects: 2.120800 ms  DeleteObjects: 0.112300 ms)

========================================================================
Received Prepare
Registering precompiled user dll's ...
Registered in 0.004110 seconds.
Begin MonoManager ReloadAssembly
Native extension for WindowsStandalone target not found
Native extension for OSXStandalone target not found
Refreshing native plugins compatible for Editor in 0.44 ms, found 3 plugins.
Preloading 0 native plugins for Editor in 0.00 ms.
Mono: successfully reloaded assembly
- Completed reload, in  0.837 seconds
Platform modules already initialized, skipping
Refreshing native plugins compatible for Editor in 0.44 ms, found 3 plugins.
Preloading 0 native plugins for Editor in 0.00 ms.
Unloading 2245 Unused Serialized files (Serialized files now loaded: 0)
System memory in use before: 99.4 MB.
System memory in use after: 99.5 MB.

Unloading 21 unused Assets to reduce memory usage. Loaded Objects now: 2811.
Total: 2.230500 ms (FindLiveObjects: 0.205900 ms CreateObjectMapping: 0.085600 ms MarkObjects: 1.831900 ms  DeleteObjects: 0.106000 ms)

========================================================================
Received Prepare
Registering precompiled user dll's ...
Registered in 0.004195 seconds.
Begin MonoManager ReloadAssembly
Native extension for WindowsStandalone target not found
Native extension for OSXStandalone target not found
Refreshing native plugins compatible for Editor in 0.45 ms, found 3 plugins.
Preloading 0 native plugins for Editor in 0.00 ms.
Mono: successfully reloaded assembly
- Completed reload, in  0.859 seconds
Platform modules already initialized, skipping
Refreshing native plugins compatible for Editor in 0.46 ms, found 3 plugins.
Preloading 0 native plugins for Editor in 0.00 ms.
Unloading 2245 Unused Serialized files (Serialized files now loaded: 0)
System memory in use before: 99.5 MB.
System memory in use after: 99.6 MB.

Unloading 21 unused Assets to reduce memory usage. Loaded Objects now: 2815.
Total: 2.582000 ms (FindLiveObjects: 0.232800 ms CreateObjectMapping: 0.132300 ms MarkObjects: 2.101500 ms  DeleteObjects: 0.114300 ms)

========================================================================
Received Import Request.
  Time since last request: 407.657144 seconds.
  path: Assets/Scenes/Scene2-3.unity
  artifactKey: Guid(dc4183165d0c9a445a59a5b5b109b7fb) Importer(815301076,1909f56bfc062723c751e8b465ee728b)
Start importing Assets/Scenes/Scene2-3.unity using Guid(dc4183165d0c9a445a59a5b5b109b7fb) Importer(815301076,1909f56bfc062723c751e8b465ee728b)  -> (artifact id: '46ed2901d24df96d16eb2d25eb47af25') in 0.014416 seconds
  Import took 0.017819 seconds .

========================================================================
Received Prepare
Registering precompiled user dll's ...
Registered in 0.004731 seconds.
Begin MonoManager ReloadAssembly
Native extension for WindowsStandalone target not found
Native extension for OSXStandalone target not found
Refreshing native plugins compatible for Editor in 0.45 ms, found 3 plugins.
Preloading 0 native plugins for Editor in 0.00 ms.
Mono: successfully reloaded assembly
- Completed reload, in  0.875 seconds
Platform modules already initialized, skipping
Refreshing native plugins compatible for Editor in 0.45 ms, found 3 plugins.
Preloading 0 native plugins for Editor in 0.00 ms.
Unloading 2245 Unused Serialized files (Serialized files now loaded: 0)
System memory in use before: 99.5 MB.
System memory in use after: 99.6 MB.

Unloading 21 unused Assets to reduce memory usage. Loaded Objects now: 2819.
Total: 2.406100 ms (FindLiveObjects: 0.233900 ms CreateObjectMapping: 0.094000 ms MarkObjects: 1.996500 ms  DeleteObjects: 0.080800 ms)

========================================================================
Received Import Request.
  Time since last request: 16.813101 seconds.
  path: Assets/Scripts/TrivialQuestionsStage4.cs
  artifactKey: Guid(ff0b65059bf96401f85353c4fc6618e2) Importer(815301076,1909f56bfc062723c751e8b465ee728b)
Start importing Assets/Scripts/TrivialQuestionsStage4.cs using Guid(ff0b65059bf96401f85353c4fc6618e2) Importer(815301076,1909f56bfc062723c751e8b465ee728b)  -> (artifact id: 'b7062c3fd191316141ec2f2080388d92') in 0.020830 seconds
  Import took 0.024019 seconds .

========================================================================
Received Import Request.
  Time since last request: 0.010440 seconds.
  path: Assets/Scripts/TrivialQuestionsStage4.cs
  artifactKey: Guid(ff0b65059bf96401f85353c4fc6618e2) Importer(815301076,1909f56bfc062723c751e8b465ee728b)
Start importing Assets/Scripts/TrivialQuestionsStage4.cs using Guid(ff0b65059bf96401f85353c4fc6618e2) Importer(815301076,1909f56bfc062723c751e8b465ee728b)  -> (artifact id: 'b7062c3fd191316141ec2f2080388d92') in 0.002110 seconds
  Import took 0.005492 seconds .

========================================================================
Received Import Request.
  Time since last request: 1.550564 seconds.
  path: Assets/Scripts/TrivialQuestionsStage3.cs
  artifactKey: Guid(7fe3472e391954b4d8f5550ae6fd4d66) Importer(815301076,1909f56bfc062723c751e8b465ee728b)
Start importing Assets/Scripts/TrivialQuestionsStage3.cs using Guid(7fe3472e391954b4d8f5550ae6fd4d66) Importer(815301076,1909f56bfc062723c751e8b465ee728b)  -> (artifact id: '0d9a2d44805c10c927e74d7fec07d65f') in 0.006352 seconds
  Import took 0.010073 seconds .

========================================================================
Received Import Request.
  Time since last request: 1.584454 seconds.
  path: Assets/Scripts/TrivialQuestionsStage5.cs
  artifactKey: Guid(3c77e41b72dcd4ea2bc2afa14e90ad81) Importer(815301076,1909f56bfc062723c751e8b465ee728b)
Start importing Assets/Scripts/TrivialQuestionsStage5.cs using Guid(3c77e41b72dcd4ea2bc2afa14e90ad81) Importer(815301076,1909f56bfc062723c751e8b465ee728b)  -> (artifact id: '17b369fbef21954769033f2cd178489c') in 0.005893 seconds
  Import took 0.009055 seconds .

========================================================================
Received Prepare
Registering precompiled user dll's ...
Registered in 0.004240 seconds.
Begin MonoManager ReloadAssembly
Native extension for WindowsStandalone target not found
Native extension for OSXStandalone target not found
Refreshing native plugins compatible for Editor in 0.45 ms, found 3 plugins.
Preloading 0 native plugins for Editor in 0.00 ms.
Mono: successfully reloaded assembly
- Completed reload, in  0.850 seconds
Platform modules already initialized, skipping
Refreshing native plugins compatible for Editor in 0.46 ms, found 3 plugins.
Preloading 0 native plugins for Editor in 0.00 ms.
Unloading 2245 Unused Serialized files (Serialized files now loaded: 0)
System memory in use before: 99.5 MB.
System memory in use after: 99.6 MB.

Unloading 21 unused Assets to reduce memory usage. Loaded Objects now: 2823.
Total: 6.149500 ms (FindLiveObjects: 0.699300 ms CreateObjectMapping: 0.313200 ms MarkObjects: 4.934200 ms  DeleteObjects: 0.199900 ms)

========================================================================
Received Prepare
Registering precompiled user dll's ...
Registered in 0.004248 seconds.
Begin MonoManager ReloadAssembly
Native extension for WindowsStandalone target not found
Native extension for OSXStandalone target not found
Refreshing native plugins compatible for Editor in 0.44 ms, found 3 plugins.
Preloading 0 native plugins for Editor in 0.00 ms.
Mono: successfully reloaded assembly
- Completed reload, in  0.839 seconds
Platform modules already initialized, skipping
Refreshing native plugins compatible for Editor in 0.45 ms, found 3 plugins.
Preloading 0 native plugins for Editor in 0.00 ms.
Unloading 2245 Unused Serialized files (Serialized files now loaded: 0)
System memory in use before: 99.5 MB.
System memory in use after: 99.7 MB.

Unloading 21 unused Assets to reduce memory usage. Loaded Objects now: 2827.
Total: 2.262700 ms (FindLiveObjects: 0.207000 ms CreateObjectMapping: 0.075400 ms MarkObjects: 1.879000 ms  DeleteObjects: 0.100400 ms)

========================================================================
Received Import Request.
  Time since last request: 158.479855 seconds.
  path: Assets/Animations/FailFade 1.controller
  artifactKey: Guid(043cfe6fb6b0e40e7944f07757a3ea48) Importer(815301076,1909f56bfc062723c751e8b465ee728b)
Start importing Assets/Animations/FailFade 1.controller using Guid(043cfe6fb6b0e40e7944f07757a3ea48) Importer(815301076,1909f56bfc062723c751e8b465ee728b)  -> (artifact id: '99dd1b34e35a6527e5bd126e388d9f9a') in 0.011993 seconds
  Import took 0.015135 seconds .

========================================================================
Received Import Request.
  Time since last request: 3.430243 seconds.
  path: Assets/Animations/FailFade 1.controller
  artifactKey: Guid(043cfe6fb6b0e40e7944f07757a3ea48) Importer(815301076,1909f56bfc062723c751e8b465ee728b)
Start importing Assets/Animations/FailFade 1.controller using Guid(043cfe6fb6b0e40e7944f07757a3ea48) Importer(815301076,1909f56bfc062723c751e8b465ee728b)  -> (artifact id: 'f476bd0e193d86bc2c36f83bb9879783') in 0.004475 seconds
  Import took 0.007674 seconds .

========================================================================
Received Prepare
Registering precompiled user dll's ...
Registered in 0.004190 seconds.
Begin MonoManager ReloadAssembly
Native extension for WindowsStandalone target not found
Native extension for OSXStandalone target not found
Refreshing native plugins compatible for Editor in 0.48 ms, found 3 plugins.
Preloading 0 native plugins for Editor in 0.00 ms.
Mono: successfully reloaded assembly
- Completed reload, in  0.857 seconds
Platform modules already initialized, skipping
Refreshing native plugins compatible for Editor in 0.44 ms, found 3 plugins.
Preloading 0 native plugins for Editor in 0.00 ms.
Unloading 2245 Unused Serialized files (Serialized files now loaded: 0)
System memory in use before: 99.5 MB.
System memory in use after: 99.6 MB.

Unloading 21 unused Assets to reduce memory usage. Loaded Objects now: 2831.
Total: 2.352600 ms (FindLiveObjects: 0.205200 ms CreateObjectMapping: 0.074600 ms MarkObjects: 1.965800 ms  DeleteObjects: 0.106100 ms)

========================================================================
Received Prepare
Registering precompiled user dll's ...
Registered in 0.004265 seconds.
Begin MonoManager ReloadAssembly
Native extension for WindowsStandalone target not found
Native extension for OSXStandalone target not found
Refreshing native plugins compatible for Editor in 0.44 ms, found 3 plugins.
Preloading 0 native plugins for Editor in 0.00 ms.
Mono: successfully reloaded assembly
- Completed reload, in  0.865 seconds
Platform modules already initialized, skipping
Refreshing native plugins compatible for Editor in 0.48 ms, found 3 plugins.
Preloading 0 native plugins for Editor in 0.00 ms.
Unloading 2245 Unused Serialized files (Serialized files now loaded: 0)
System memory in use before: 99.6 MB.
System memory in use after: 99.7 MB.

Unloading 21 unused Assets to reduce memory usage. Loaded Objects now: 2835.
Total: 2.469100 ms (FindLiveObjects: 0.278800 ms CreateObjectMapping: 0.104400 ms MarkObjects: 1.970900 ms  DeleteObjects: 0.113900 ms)

========================================================================
Received Prepare
Registering precompiled user dll's ...
Registered in 0.004104 seconds.
Begin MonoManager ReloadAssembly
Native extension for WindowsStandalone target not found
Native extension for OSXStandalone target not found
Refreshing native plugins compatible for Editor in 0.58 ms, found 3 plugins.
Preloading 0 native plugins for Editor in 0.00 ms.
Mono: successfully reloaded assembly
- Completed reload, in  0.838 seconds
Platform modules already initialized, skipping
Refreshing native plugins compatible for Editor in 0.46 ms, found 3 plugins.
Preloading 0 native plugins for Editor in 0.00 ms.
Unloading 2245 Unused Serialized files (Serialized files now loaded: 0)
System memory in use before: 99.6 MB.
System memory in use after: 99.7 MB.

Unloading 21 unused Assets to reduce memory usage. Loaded Objects now: 2839.
Total: 2.335500 ms (FindLiveObjects: 0.221500 ms CreateObjectMapping: 0.087600 ms MarkObjects: 1.911400 ms  DeleteObjects: 0.113900 ms)

========================================================================
Received Prepare
Registering precompiled user dll's ...
Registered in 0.004112 seconds.
Begin MonoManager ReloadAssembly
Native extension for WindowsStandalone target not found
Native extension for OSXStandalone target not found
Refreshing native plugins compatible for Editor in 0.44 ms, found 3 plugins.
Preloading 0 native plugins for Editor in 0.00 ms.
Mono: successfully reloaded assembly
- Completed reload, in  0.841 seconds
Platform modules already initialized, skipping
Refreshing native plugins compatible for Editor in 0.46 ms, found 3 plugins.
Preloading 0 native plugins for Editor in 0.00 ms.
Unloading 2245 Unused Serialized files (Serialized files now loaded: 0)
System memory in use before: 99.6 MB.
System memory in use after: 99.7 MB.

Unloading 21 unused Assets to reduce memory usage. Loaded Objects now: 2843.
Total: 5.696800 ms (FindLiveObjects: 0.511600 ms CreateObjectMapping: 0.282000 ms MarkObjects: 4.732700 ms  DeleteObjects: 0.168200 ms)

========================================================================
Received Import Request.
  Time since last request: 113.910879 seconds.
  path: Assets/Scripts/TrueFalseGameLogic.cs
  artifactKey: Guid(92356f1d5e548ee4d9e1caa2fb4e57f8) Importer(815301076,1909f56bfc062723c751e8b465ee728b)
Start importing Assets/Scripts/TrueFalseGameLogic.cs using Guid(92356f1d5e548ee4d9e1caa2fb4e57f8) Importer(815301076,1909f56bfc062723c751e8b465ee728b)  -> (artifact id: '3e0ebbaa8c214b8b18e761cb5537f235') in 0.008220 seconds
  Import took 0.011578 seconds .

========================================================================
Received Import Request.
  Time since last request: 0.023915 seconds.
  path: Assets/Scripts/TrueFalseGameLogic.cs
  artifactKey: Guid(92356f1d5e548ee4d9e1caa2fb4e57f8) Importer(815301076,1909f56bfc062723c751e8b465ee728b)
Start importing Assets/Scripts/TrueFalseGameLogic.cs using Guid(92356f1d5e548ee4d9e1caa2fb4e57f8) Importer(815301076,1909f56bfc062723c751e8b465ee728b)  -> (artifact id: '3e0ebbaa8c214b8b18e761cb5537f235') in 0.002610 seconds
  Import took 0.005724 seconds .

========================================================================
Received Import Request.
  Time since last request: 106.827175 seconds.
  path: Assets/Animations/Fade.controller
  artifactKey: Guid(b7a05b8dea6134ceb9f21657033642cf) Importer(815301076,1909f56bfc062723c751e8b465ee728b)
Start importing Assets/Animations/Fade.controller using Guid(b7a05b8dea6134ceb9f21657033642cf) Importer(815301076,1909f56bfc062723c751e8b465ee728b)  -> (artifact id: '7671aa18690219778bb9854c25bec3e1') in 0.012616 seconds
  Import took 0.015586 seconds .

========================================================================
Received Prepare
Registering precompiled user dll's ...
Registered in 0.004089 seconds.
Begin MonoManager ReloadAssembly
Native extension for WindowsStandalone target not found
Native extension for OSXStandalone target not found
Refreshing native plugins compatible for Editor in 0.45 ms, found 3 plugins.
Preloading 0 native plugins for Editor in 0.00 ms.
Mono: successfully reloaded assembly
- Completed reload, in  0.833 seconds
Platform modules already initialized, skipping
Refreshing native plugins compatible for Editor in 0.45 ms, found 3 plugins.
Preloading 0 native plugins for Editor in 0.00 ms.
Unloading 2245 Unused Serialized files (Serialized files now loaded: 0)
System memory in use before: 99.6 MB.
System memory in use after: 99.7 MB.

Unloading 21 unused Assets to reduce memory usage. Loaded Objects now: 2847.
Total: 2.581400 ms (FindLiveObjects: 0.213400 ms CreateObjectMapping: 0.087400 ms MarkObjects: 2.200600 ms  DeleteObjects: 0.079200 ms)

========================================================================
Received Prepare
Registering precompiled user dll's ...
Registered in 0.004199 seconds.
Begin MonoManager ReloadAssembly
Native extension for WindowsStandalone target not found
Native extension for OSXStandalone target not found
Refreshing native plugins compatible for Editor in 0.45 ms, found 3 plugins.
Preloading 0 native plugins for Editor in 0.00 ms.
Mono: successfully reloaded assembly
- Completed reload, in  0.822 seconds
Platform modules already initialized, skipping
Refreshing native plugins compatible for Editor in 0.44 ms, found 3 plugins.
Preloading 0 native plugins for Editor in 0.00 ms.
Unloading 2245 Unused Serialized files (Serialized files now loaded: 0)
System memory in use before: 99.5 MB.
System memory in use after: 99.6 MB.

Unloading 21 unused Assets to reduce memory usage. Loaded Objects now: 2851.
Total: 2.649100 ms (FindLiveObjects: 0.321300 ms CreateObjectMapping: 0.118800 ms MarkObjects: 2.103400 ms  DeleteObjects: 0.104800 ms)

========================================================================
Received Prepare
Registering precompiled user dll's ...
Registered in 0.004285 seconds.
Begin MonoManager ReloadAssembly
Native extension for WindowsStandalone target not found
Native extension for OSXStandalone target not found
Refreshing native plugins compatible for Editor in 0.45 ms, found 3 plugins.
Preloading 0 native plugins for Editor in 0.00 ms.
Mono: successfully reloaded assembly
- Completed reload, in  0.869 seconds
Platform modules already initialized, skipping
Refreshing native plugins compatible for Editor in 0.44 ms, found 3 plugins.
Preloading 0 native plugins for Editor in 0.00 ms.
Unloading 2245 Unused Serialized files (Serialized files now loaded: 0)
System memory in use before: 99.6 MB.
System memory in use after: 99.7 MB.

Unloading 21 unused Assets to reduce memory usage. Loaded Objects now: 2855.
Total: 6.423500 ms (FindLiveObjects: 0.550700 ms CreateObjectMapping: 0.283400 ms MarkObjects: 5.369600 ms  DeleteObjects: 0.217100 ms)

========================================================================
Received Prepare
Registering precompiled user dll's ...
Registered in 0.004174 seconds.
Begin MonoManager ReloadAssembly
Native extension for WindowsStandalone target not found
Native extension for OSXStandalone target not found
Refreshing native plugins compatible for Editor in 0.44 ms, found 3 plugins.
Preloading 0 native plugins for Editor in 0.00 ms.
Mono: successfully reloaded assembly
- Completed reload, in  0.832 seconds
Platform modules already initialized, skipping
Refreshing native plugins compatible for Editor in 0.46 ms, found 3 plugins.
Preloading 0 native plugins for Editor in 0.00 ms.
Unloading 2245 Unused Serialized files (Serialized files now loaded: 0)
System memory in use before: 99.6 MB.
System memory in use after: 99.7 MB.

Unloading 21 unused Assets to reduce memory usage. Loaded Objects now: 2859.
Total: 2.316300 ms (FindLiveObjects: 0.283100 ms CreateObjectMapping: 0.092200 ms MarkObjects: 1.821000 ms  DeleteObjects: 0.118700 ms)

========================================================================
Received Prepare
Registering precompiled user dll's ...
Registered in 0.004188 seconds.
Begin MonoManager ReloadAssembly
Native extension for WindowsStandalone target not found
Native extension for OSXStandalone target not found
Refreshing native plugins compatible for Editor in 0.46 ms, found 3 plugins.
Preloading 0 native plugins for Editor in 0.00 ms.
Mono: successfully reloaded assembly
- Completed reload, in  0.829 seconds
Platform modules already initialized, skipping
Refreshing native plugins compatible for Editor in 0.44 ms, found 3 plugins.
Preloading 0 native plugins for Editor in 0.00 ms.
Unloading 2245 Unused Serialized files (Serialized files now loaded: 0)
System memory in use before: 99.6 MB.
System memory in use after: 99.8 MB.

Unloading 21 unused Assets to reduce memory usage. Loaded Objects now: 2863.
Total: 2.125300 ms (FindLiveObjects: 0.203300 ms CreateObjectMapping: 0.083000 ms MarkObjects: 1.740900 ms  DeleteObjects: 0.097300 ms)

========================================================================
Received Prepare
Registering precompiled user dll's ...
Registered in 0.004219 seconds.
Begin MonoManager ReloadAssembly
Native extension for WindowsStandalone target not found
Native extension for OSXStandalone target not found
Refreshing native plugins compatible for Editor in 0.71 ms, found 3 plugins.
Preloading 0 native plugins for Editor in 0.00 ms.
Mono: successfully reloaded assembly
- Completed reload, in  0.847 seconds
Platform modules already initialized, skipping
Refreshing native plugins compatible for Editor in 0.46 ms, found 3 plugins.
Preloading 0 native plugins for Editor in 0.00 ms.
Unloading 2245 Unused Serialized files (Serialized files now loaded: 0)
System memory in use before: 99.6 MB.
System memory in use after: 99.8 MB.

Unloading 21 unused Assets to reduce memory usage. Loaded Objects now: 2867.
Total: 2.608300 ms (FindLiveObjects: 0.384900 ms CreateObjectMapping: 0.127900 ms MarkObjects: 1.981900 ms  DeleteObjects: 0.112900 ms)

========================================================================
Received Import Request.
  Time since last request: 968.069999 seconds.
  path: Assets/Animations/FailFade 1.controller
  artifactKey: Guid(043cfe6fb6b0e40e7944f07757a3ea48) Importer(815301076,1909f56bfc062723c751e8b465ee728b)
Start importing Assets/Animations/FailFade 1.controller using Guid(043cfe6fb6b0e40e7944f07757a3ea48) Importer(815301076,1909f56bfc062723c751e8b465ee728b)  -> (artifact id: '3114add3d3f77d254853841b506faf53') in 0.013280 seconds
  Import took 0.018660 seconds .

========================================================================
Received Prepare
Registering precompiled user dll's ...
Registered in 0.004084 seconds.
Begin MonoManager ReloadAssembly
Native extension for WindowsStandalone target not found
Native extension for OSXStandalone target not found
Refreshing native plugins compatible for Editor in 0.45 ms, found 3 plugins.
Preloading 0 native plugins for Editor in 0.00 ms.
Mono: successfully reloaded assembly
- Completed reload, in  0.843 seconds
Platform modules already initialized, skipping
Refreshing native plugins compatible for Editor in 0.46 ms, found 3 plugins.
Preloading 0 native plugins for Editor in 0.00 ms.
Unloading 2245 Unused Serialized files (Serialized files now loaded: 0)
System memory in use before: 99.6 MB.
System memory in use after: 99.7 MB.

Unloading 21 unused Assets to reduce memory usage. Loaded Objects now: 2871.
Total: 2.756900 ms (FindLiveObjects: 0.279400 ms CreateObjectMapping: 0.089800 ms MarkObjects: 2.271400 ms  DeleteObjects: 0.115400 ms)

========================================================================
Received Import Request.
  Time since last request: 81.631145 seconds.
  path: Assets/Animations/FailFade 1.controller
  artifactKey: Guid(043cfe6fb6b0e40e7944f07757a3ea48) Importer(815301076,1909f56bfc062723c751e8b465ee728b)
Start importing Assets/Animations/FailFade 1.controller using Guid(043cfe6fb6b0e40e7944f07757a3ea48) Importer(815301076,1909f56bfc062723c751e8b465ee728b)  -> (artifact id: '55aefea81f2a9378414a3abb0bb4e7cd') in 0.011748 seconds
  Import took 0.014831 seconds .

========================================================================
Received Prepare
Registering precompiled user dll's ...
Registered in 0.004075 seconds.
Begin MonoManager ReloadAssembly
Native extension for WindowsStandalone target not found
Native extension for OSXStandalone target not found
Refreshing native plugins compatible for Editor in 0.43 ms, found 3 plugins.
Preloading 0 native plugins for Editor in 0.00 ms.
Mono: successfully reloaded assembly
- Completed reload, in  0.823 seconds
Platform modules already initialized, skipping
Refreshing native plugins compatible for Editor in 0.46 ms, found 3 plugins.
Preloading 0 native plugins for Editor in 0.00 ms.
Unloading 2245 Unused Serialized files (Serialized files now loaded: 0)
System memory in use before: 99.6 MB.
System memory in use after: 99.7 MB.

Unloading 21 unused Assets to reduce memory usage. Loaded Objects now: 2875.
Total: 4.783600 ms (FindLiveObjects: 0.425800 ms CreateObjectMapping: 0.214300 ms MarkObjects: 3.995900 ms  DeleteObjects: 0.146000 ms)

========================================================================
Received Prepare
Registering precompiled user dll's ...
Registered in 0.004325 seconds.
Begin MonoManager ReloadAssembly
Native extension for WindowsStandalone target not found
Native extension for OSXStandalone target not found
Refreshing native plugins compatible for Editor in 0.50 ms, found 3 plugins.
Preloading 0 native plugins for Editor in 0.00 ms.
Mono: successfully reloaded assembly
- Completed reload, in  0.859 seconds
Platform modules already initialized, skipping
Refreshing native plugins compatible for Editor in 0.45 ms, found 3 plugins.
Preloading 0 native plugins for Editor in 0.00 ms.
Unloading 2245 Unused Serialized files (Serialized files now loaded: 0)
System memory in use before: 99.6 MB.
System memory in use after: 99.7 MB.

Unloading 21 unused Assets to reduce memory usage. Loaded Objects now: 2879.
Total: 2.409500 ms (FindLiveObjects: 0.223000 ms CreateObjectMapping: 0.088700 ms MarkObjects: 2.016300 ms  DeleteObjects: 0.080700 ms)

========================================================================
Received Prepare
Registering precompiled user dll's ...
Registered in 0.004077 seconds.
Begin MonoManager ReloadAssembly
Native extension for WindowsStandalone target not found
Native extension for OSXStandalone target not found
Refreshing native plugins compatible for Editor in 0.45 ms, found 3 plugins.
Preloading 0 native plugins for Editor in 0.00 ms.
Mono: successfully reloaded assembly
- Completed reload, in  0.849 seconds
Platform modules already initialized, skipping
Refreshing native plugins compatible for Editor in 0.43 ms, found 3 plugins.
Preloading 0 native plugins for Editor in 0.00 ms.
Unloading 2245 Unused Serialized files (Serialized files now loaded: 0)
System memory in use before: 99.7 MB.
System memory in use after: 99.8 MB.

Unloading 21 unused Assets to reduce memory usage. Loaded Objects now: 2883.
Total: 2.329500 ms (FindLiveObjects: 0.332100 ms CreateObjectMapping: 0.083200 ms MarkObjects: 1.804400 ms  DeleteObjects: 0.108500 ms)

========================================================================
Received Prepare
Registering precompiled user dll's ...
Registered in 0.004173 seconds.
Begin MonoManager ReloadAssembly
Native extension for WindowsStandalone target not found
Native extension for OSXStandalone target not found
Refreshing native plugins compatible for Editor in 0.44 ms, found 3 plugins.
Preloading 0 native plugins for Editor in 0.00 ms.
Mono: successfully reloaded assembly
- Completed reload, in  0.845 seconds
Platform modules already initialized, skipping
Refreshing native plugins compatible for Editor in 0.47 ms, found 3 plugins.
Preloading 0 native plugins for Editor in 0.00 ms.
Unloading 2245 Unused Serialized files (Serialized files now loaded: 0)
System memory in use before: 99.7 MB.
System memory in use after: 99.8 MB.

Unloading 21 unused Assets to reduce memory usage. Loaded Objects now: 2887.
Total: 4.851200 ms (FindLiveObjects: 0.541400 ms CreateObjectMapping: 0.304700 ms MarkObjects: 3.852900 ms  DeleteObjects: 0.149600 ms)

========================================================================
Received Prepare
Registering precompiled user dll's ...
Registered in 0.004049 seconds.
Begin MonoManager ReloadAssembly
Native extension for WindowsStandalone target not found
Native extension for OSXStandalone target not found
Refreshing native plugins compatible for Editor in 0.43 ms, found 3 plugins.
Preloading 0 native plugins for Editor in 0.00 ms.
Mono: successfully reloaded assembly
- Completed reload, in  0.842 seconds
Platform modules already initialized, skipping
Refreshing native plugins compatible for Editor in 0.44 ms, found 3 plugins.
Preloading 0 native plugins for Editor in 0.00 ms.
Unloading 2245 Unused Serialized files (Serialized files now loaded: 0)
System memory in use before: 99.7 MB.
System memory in use after: 99.8 MB.

Unloading 21 unused Assets to reduce memory usage. Loaded Objects now: 2891.
Total: 5.629500 ms (FindLiveObjects: 0.534900 ms CreateObjectMapping: 0.291000 ms MarkObjects: 4.696000 ms  DeleteObjects: 0.105800 ms)

========================================================================
Received Prepare
Registering precompiled user dll's ...
Registered in 0.004395 seconds.
Begin MonoManager ReloadAssembly
Native extension for WindowsStandalone target not found
Native extension for OSXStandalone target not found
Refreshing native plugins compatible for Editor in 0.52 ms, found 3 plugins.
Preloading 0 native plugins for Editor in 0.00 ms.
Mono: successfully reloaded assembly
- Completed reload, in  0.836 seconds
Platform modules already initialized, skipping
Refreshing native plugins compatible for Editor in 0.46 ms, found 3 plugins.
Preloading 0 native plugins for Editor in 0.00 ms.
Unloading 2245 Unused Serialized files (Serialized files now loaded: 0)
System memory in use before: 99.7 MB.
System memory in use after: 99.8 MB.

Unloading 21 unused Assets to reduce memory usage. Loaded Objects now: 2895.
Total: 2.405300 ms (FindLiveObjects: 0.240500 ms CreateObjectMapping: 0.088300 ms MarkObjects: 1.968800 ms  DeleteObjects: 0.106900 ms)

========================================================================
Received Import Request.
  Time since last request: 510.477016 seconds.
  path: Assets/Animations/FailFade 1.controller
  artifactKey: Guid(043cfe6fb6b0e40e7944f07757a3ea48) Importer(815301076,1909f56bfc062723c751e8b465ee728b)
Start importing Assets/Animations/FailFade 1.controller using Guid(043cfe6fb6b0e40e7944f07757a3ea48) Importer(815301076,1909f56bfc062723c751e8b465ee728b)  -> (artifact id: '4a2df61102950350b720e3c409aa3c31') in 0.011708 seconds
  Import took 0.014972 seconds .

========================================================================
Received Import Request.
  Time since last request: 0.430013 seconds.
  path: Assets/Animations/FailFade 1.controller
  artifactKey: Guid(043cfe6fb6b0e40e7944f07757a3ea48) Importer(815301076,1909f56bfc062723c751e8b465ee728b)
Start importing Assets/Animations/FailFade 1.controller using Guid(043cfe6fb6b0e40e7944f07757a3ea48) Importer(815301076,1909f56bfc062723c751e8b465ee728b)  -> (artifact id: 'a11c0578b83e3a3ac3f8f6fb20419abb') in 0.003556 seconds
  Import took 0.006897 seconds .

========================================================================
Received Import Request.
  Time since last request: 38.303485 seconds.
  path: Assets/Animations/FailFade.controller
  artifactKey: Guid(043cfe6fb6b0e40e7944f07757a3ea48) Importer(815301076,1909f56bfc062723c751e8b465ee728b)
Start importing Assets/Animations/FailFade.controller using Guid(043cfe6fb6b0e40e7944f07757a3ea48) Importer(815301076,1909f56bfc062723c751e8b465ee728b)  -> (artifact id: 'd15b11cacd5a220e95d178365302a728') in 0.006925 seconds
  Import took 0.010127 seconds .

========================================================================
Received Prepare
Registering precompiled user dll's ...
Registered in 0.004150 seconds.
Begin MonoManager ReloadAssembly
Native extension for WindowsStandalone target not found
Native extension for OSXStandalone target not found
Refreshing native plugins compatible for Editor in 0.47 ms, found 3 plugins.
Preloading 0 native plugins for Editor in 0.00 ms.
Mono: successfully reloaded assembly
- Completed reload, in  0.885 seconds
Platform modules already initialized, skipping
Refreshing native plugins compatible for Editor in 0.49 ms, found 3 plugins.
Preloading 0 native plugins for Editor in 0.00 ms.
Unloading 2245 Unused Serialized files (Serialized files now loaded: 0)
System memory in use before: 99.6 MB.
System memory in use after: 99.7 MB.

Unloading 21 unused Assets to reduce memory usage. Loaded Objects now: 2899.
Total: 2.480600 ms (FindLiveObjects: 0.235200 ms CreateObjectMapping: 0.104800 ms MarkObjects: 2.035100 ms  DeleteObjects: 0.104400 ms)

========================================================================
Received Prepare
Registering precompiled user dll's ...
Registered in 0.004415 seconds.
Begin MonoManager ReloadAssembly
Native extension for WindowsStandalone target not found
Native extension for OSXStandalone target not found
Refreshing native plugins compatible for Editor in 0.44 ms, found 3 plugins.
Preloading 0 native plugins for Editor in 0.00 ms.
Mono: successfully reloaded assembly
- Completed reload, in  0.850 seconds
Platform modules already initialized, skipping
Refreshing native plugins compatible for Editor in 0.58 ms, found 3 plugins.
Preloading 0 native plugins for Editor in 0.00 ms.
Unloading 2245 Unused Serialized files (Serialized files now loaded: 0)
System memory in use before: 99.7 MB.
System memory in use after: 99.8 MB.

Unloading 21 unused Assets to reduce memory usage. Loaded Objects now: 2903.
Total: 2.520100 ms (FindLiveObjects: 0.239700 ms CreateObjectMapping: 0.095400 ms MarkObjects: 2.072100 ms  DeleteObjects: 0.111800 ms)

========================================================================
Received Import Request.
  Time since last request: 118.400469 seconds.
  path: Assets/Scripts/TrueFalseGameLogic.cs
  artifactKey: Guid(92356f1d5e548ee4d9e1caa2fb4e57f8) Importer(815301076,1909f56bfc062723c751e8b465ee728b)
Start importing Assets/Scripts/TrueFalseGameLogic.cs using Guid(92356f1d5e548ee4d9e1caa2fb4e57f8) Importer(815301076,1909f56bfc062723c751e8b465ee728b)  -> (artifact id: 'bf47737aa68d4ccd0ccf1e1623bf69ae') in 0.005311 seconds
  Import took 0.010273 seconds .

========================================================================
Received Prepare
Registering precompiled user dll's ...
Registered in 0.004018 seconds.
Begin MonoManager ReloadAssembly
Native extension for WindowsStandalone target not found
Native extension for OSXStandalone target not found
Refreshing native plugins compatible for Editor in 0.44 ms, found 3 plugins.
Preloading 0 native plugins for Editor in 0.00 ms.
Mono: successfully reloaded assembly
- Completed reload, in  0.848 seconds
Platform modules already initialized, skipping
Refreshing native plugins compatible for Editor in 0.47 ms, found 3 plugins.
Preloading 0 native plugins for Editor in 0.00 ms.
Unloading 2245 Unused Serialized files (Serialized files now loaded: 0)
System memory in use before: 99.7 MB.
System memory in use after: 99.9 MB.

Unloading 21 unused Assets to reduce memory usage. Loaded Objects now: 2907.
Total: 2.259700 ms (FindLiveObjects: 0.236200 ms CreateObjectMapping: 0.089400 ms MarkObjects: 1.847600 ms  DeleteObjects: 0.085700 ms)

========================================================================
Received Prepare
Registering precompiled user dll's ...
Registered in 0.004192 seconds.
Begin MonoManager ReloadAssembly
Native extension for WindowsStandalone target not found
Native extension for OSXStandalone target not found
Refreshing native plugins compatible for Editor in 0.45 ms, found 3 plugins.
Preloading 0 native plugins for Editor in 0.00 ms.
Mono: successfully reloaded assembly
- Completed reload, in  0.829 seconds
Platform modules already initialized, skipping
Refreshing native plugins compatible for Editor in 0.45 ms, found 3 plugins.
Preloading 0 native plugins for Editor in 0.00 ms.
Unloading 2245 Unused Serialized files (Serialized files now loaded: 0)
System memory in use before: 99.7 MB.
System memory in use after: 99.9 MB.

Unloading 21 unused Assets to reduce memory usage. Loaded Objects now: 2911.
Total: 9.178900 ms (FindLiveObjects: 0.897500 ms CreateObjectMapping: 0.409400 ms MarkObjects: 7.576700 ms  DeleteObjects: 0.291200 ms)

AssetImportWorkerClient::OnTransportError - code=2 error=End of file
