Using pre-set license
Built from '2020.3/release' branch; Version is '2020.3.7f1 (dd97f2c94397) revision 14522354'; Using compiler version '192528614'; Build Type 'Release'
OS: 'Windows 10 Home; OS build 19043.1083; Version 2009; 64bit' Language: 'en' Physical Memory: 16316 MB
BatchMode: 1, IsHumanControllingUs: 0, StartBugReporterOnCrash: 0, Is64bit: 1, IsPro: 0

 COMMAND LINE ARGUMENTS:
D:\Unity\2020.3.7f1\Editor\Unity.exe
-adb2
-batchMode
-noUpm
-name
AssetImportWorker0
-projectPath
C:/Users/Marcus Lim/Documents/co-opeDown
-logFile
Logs/AssetImportWorker0.log
-srvPort
65429
Successfully changed project path to: C:/Users/Marcus Lim/Documents/co-opeDown
C:/Users/Marcus Lim/Documents/co-opeDown
Using Asset Import Pipeline V2.
Refreshing native plugins compatible for Editor in 43.07 ms, found 3 plugins.
Preloading 0 native plugins for Editor in 0.00 ms.
Initialize engine version: 2020.3.7f1 (dd97f2c94397)
[Subsystems] Discovering subsystems at path D:/Unity/2020.3.7f1/Editor/Data/Resources/UnitySubsystems
[Subsystems] Discovering subsystems at path C:/Users/Marcus Lim/Documents/co-opeDown/Assets
GfxDevice: creating device client; threaded=0
Direct3D:
    Version:  Direct3D 11.0 [level 11.1]
    Renderer: NVIDIA GeForce RTX 2080 (ID=0x1e87)
    Vendor:   
    VRAM:     8010 MB
    Driver:   30.0.14.7111
Initialize mono
Mono path[0] = 'D:/Unity/2020.3.7f1/Editor/Data/Managed'
Mono path[1] = 'D:/Unity/2020.3.7f1/Editor/Data/MonoBleedingEdge/lib/mono/unityjit'
Mono config path = 'D:/Unity/2020.3.7f1/Editor/Data/MonoBleedingEdge/etc'
Using monoOptions --debugger-agent=transport=dt_socket,embedding=1,server=y,suspend=n,address=127.0.0.1:56868
Begin MonoManager ReloadAssembly
Registering precompiled unity dll's ...
Register platform support module: D:/Unity/2020.3.7f1/Editor/Data/PlaybackEngines/MacStandaloneSupport/UnityEditor.OSXStandalone.Extensions.dll
Register platform support module: D:/Unity/2020.3.7f1/Editor/Data/PlaybackEngines/WindowsStandaloneSupport/UnityEditor.WindowsStandalone.Extensions.dll
Registered in 0.001373 seconds.
Native extension for WindowsStandalone target not found
Native extension for OSXStandalone target not found
Refreshing native plugins compatible for Editor in 41.65 ms, found 3 plugins.
Preloading 0 native plugins for Editor in 0.00 ms.
Mono: successfully reloaded assembly
- Completed reload, in  1.058 seconds
Platform modules already initialized, skipping
Registering precompiled user dll's ...
Registered in 0.004774 seconds.
Begin MonoManager ReloadAssembly
Native extension for WindowsStandalone target not found
Native extension for OSXStandalone target not found
Refreshing native plugins compatible for Editor in 38.82 ms, found 3 plugins.
Preloading 0 native plugins for Editor in 0.00 ms.
Mono: successfully reloaded assembly
- Completed reload, in  0.979 seconds
Platform modules already initialized, skipping
========================================================================
Worker process is ready to serve import requests
Launched and connected shader compiler UnityShaderCompiler.exe after 0.04 seconds
Refreshing native plugins compatible for Editor in 0.47 ms, found 3 plugins.
Preloading 0 native plugins for Editor in 0.00 ms.
Unloading 2255 Unused Serialized files (Serialized files now loaded: 0)
System memory in use before: 99.3 MB.
System memory in use after: 99.3 MB.

Unloading 33 unused Assets to reduce memory usage. Loaded Objects now: 2691.
Total: 2.459300 ms (FindLiveObjects: 0.304400 ms CreateObjectMapping: 0.140300 ms MarkObjects: 1.915500 ms  DeleteObjects: 0.097700 ms)

========================================================================
Received Import Request.
  path: Assets/Animations/FailFade.controller
  artifactKey: Guid(3427c97ffb6214fe4a663e1b7bd07873) Importer(815301076,1909f56bfc062723c751e8b465ee728b)
Start importing Assets/Animations/FailFade.controller using Guid(3427c97ffb6214fe4a663e1b7bd07873) Importer(815301076,1909f56bfc062723c751e8b465ee728b)  -> (artifact id: '652e9dea4dcaa8475766a4b14a5620ca') in 0.055094 seconds
  Import took 0.058397 seconds .

========================================================================
Received Import Request.
  Time since last request: 0.120272 seconds.
  path: Assets/Animations/PassFade.controller
  artifactKey: Guid(80ab7db09eb4843b3864f131caf926fd) Importer(815301076,1909f56bfc062723c751e8b465ee728b)
Start importing Assets/Animations/PassFade.controller using Guid(80ab7db09eb4843b3864f131caf926fd) Importer(815301076,1909f56bfc062723c751e8b465ee728b)  -> (artifact id: '2cacf18acac3cc1e5109f511c1664504') in 0.007080 seconds
  Import took 0.010221 seconds .

========================================================================
Received Import Request.
  Time since last request: 0.000871 seconds.
  path: Assets/Animations/PassFade.controller
  artifactKey: Guid(80ab7db09eb4843b3864f131caf926fd) Importer(815301076,1909f56bfc062723c751e8b465ee728b)
Start importing Assets/Animations/PassFade.controller using Guid(80ab7db09eb4843b3864f131caf926fd) Importer(815301076,1909f56bfc062723c751e8b465ee728b)  -> (artifact id: '2cacf18acac3cc1e5109f511c1664504') in 0.003305 seconds
  Import took 0.006286 seconds .

AssetImportWorkerClient::OnTransportError - code=2 error=End of file
